<?xml version="1.0" encoding="UTF-8"?>
<!-- Generated by org.testng.reporters.JUnitReportReporter -->
<testsuite hostname="TYSS-Akash-Deb" failures="0" tests="1" name="testNG.BaseClass" time="0.012" errors="0" timestamp="13 Mar 2024 05:21:27 GMT" skipped="0">
  <testcase classname="testNG.BaseClass" name="test1" time="0.012"/>
</testsuite> <!-- testNG.BaseClass -->
