<?xml version="1.0" encoding="UTF-8"?>
<!-- Generated by org.testng.reporters.JUnitReportReporter -->
<testsuite hostname="TYSS-Akash-Deb" failures="0" tests="3" name="testNG.DemoClass2" time="0.008" errors="0" timestamp="13 Mar 2024 05:40:32 GMT" skipped="0">
  <testcase classname="testNG.DemoClass2" name="test2" time="0.003"/>
  <testcase classname="testNG.DemoClass2" name="test4" time="0.002"/>
  <testcase classname="testNG.DemoClass2" name="test3" time="0.003"/>
</testsuite> <!-- testNG.DemoClass2 -->
