<?xml version="1.0" encoding="UTF-8"?>
<!-- Generated by org.testng.reporters.JUnitReportReporter -->
<testsuite hostname="TYSS-Akash-Deb" failures="0" tests="5" name="testNG.Disable" time="0.028" errors="0" timestamp="11 Mar 2024 05:35:01 GMT" skipped="1">
  <testcase classname="testNG.Disable" name="login" time="0.019"/>
  <testcase classname="testNG.Disable" name="searchProduct" time="0.004"/>
  <testcase classname="testNG.Disable" name="addToCart" time="0.002"/>
  <testcase classname="testNG.Disable" name="logout" time="0.003"/>
  <testcase classname="testNG.Disable" name="payment">
    <skipped/>
  </testcase> <!-- payment -->
</testsuite> <!-- testNG.Disable -->
