<?xml version="1.0" encoding="UTF-8"?>
<!-- Generated by org.testng.reporters.JUnitReportReporter -->
<testsuite hostname="TYSS-Akash-Deb" failures="0" tests="3" name="testNG.MultilpeBrowsers" time="28.741" errors="0" timestamp="12 Mar 2024 05:53:50 GMT" skipped="0">
  <testcase classname="testNG.MultilpeBrowsers" name="googleTest" time="6.499"/>
  <testcase classname="testNG.MultilpeBrowsers" name="googleTest" time="8.318"/>
  <testcase classname="testNG.MultilpeBrowsers" name="googleTest" time="13.924"/>
</testsuite> <!-- testNG.MultilpeBrowsers -->
