<?xml version="1.0" encoding="UTF-8"?>
<!-- Generated by org.testng.reporters.JUnitReportReporter -->
<testsuite hostname="TYSS-Akash-Deb" failures="0" tests="5" name="testNG.Priority" time="0.027" errors="0" timestamp="11 Mar 2024 05:30:41 GMT" skipped="0">
  <testcase classname="testNG.Priority" name="login" time="0.018"/>
  <testcase classname="testNG.Priority" name="searchProduct" time="0.003"/>
  <testcase classname="testNG.Priority" name="addToCart" time="0.002"/>
  <testcase classname="testNG.Priority" name="payment" time="0.002"/>
  <testcase classname="testNG.Priority" name="logout" time="0.002"/>
</testsuite> <!-- testNG.Priority -->
