<?xml version="1.0" encoding="UTF-8"?>
<!-- Generated by org.testng.reporters.JUnitReportReporter -->
<testsuite hostname="TYSS-Akash-Deb" failures="0" tests="9" name="testNG.RunMutipleTimes" time="0.033" errors="0" timestamp="11 Mar 2024 05:49:32 GMT" skipped="0">
  <testcase classname="testNG.RunMutipleTimes" name="login" time="0.017"/>
  <testcase classname="testNG.RunMutipleTimes" name="searchProduct" time="0.004"/>
  <testcase classname="testNG.RunMutipleTimes" name="addToCart" time="0.002"/>
  <testcase classname="testNG.RunMutipleTimes" name="addToCart" time="0.001"/>
  <testcase classname="testNG.RunMutipleTimes" name="addToCart" time="0.002"/>
  <testcase classname="testNG.RunMutipleTimes" name="addToCart" time="0.001"/>
  <testcase classname="testNG.RunMutipleTimes" name="addToCart" time="0.003"/>
  <testcase classname="testNG.RunMutipleTimes" name="payment" time="0.002"/>
  <testcase classname="testNG.RunMutipleTimes" name="logout" time="0.001"/>
</testsuite> <!-- testNG.RunMutipleTimes -->
