<?xml version="1.0" encoding="UTF-8"?>
<!-- Generated by org.testng.reporters.JUnitReportReporter -->
<testsuite hostname="TYSS-Akash-Deb" failures="0" tests="4" name="testNG.Test1" time="0.024" errors="0" timestamp="12 Mar 2024 05:22:46 GMT" skipped="0">
  <testcase classname="testNG.Test1" name="pyspiders" time="0.004"/>
  <testcase classname="testNG.Test1" name="jspiders" time="0.002"/>
  <testcase classname="testNG.Test1" name="qspiders" time="0.004"/>
  <testcase classname="testNG.Test1" name="demoTest" time="0.014"/>
</testsuite> <!-- testNG.Test1 -->
