<?xml version="1.0" encoding="UTF-8"?>
<!-- Generated by org.testng.reporters.JUnitReportReporter -->
<testsuite hostname="TYSS-Akash-Deb" failures="0" tests="1" name="testNG.FacebookTest" time="7.385" errors="0" timestamp="12 Mar 2024 05:32:08 GMT" skipped="0">
  <testcase classname="testNG.FacebookTest" name="googleTest" time="7.385"/>
</testsuite> <!-- testNG.FacebookTest -->
