<?xml version="1.0" encoding="UTF-8"?>
<!-- Generated by org.testng.reporters.JUnitReportReporter -->
<testsuite hostname="TYSS-Akash-Deb" failures="0" tests="4" name="testNG.MultipleData" time="0.009" errors="0" timestamp="12 Mar 2024 05:22:46 GMT" skipped="0">
  <testcase classname="testNG.MultipleData" name="addProduct" time="0.002"/>
  <testcase classname="testNG.MultipleData" name="addProduct" time="0.003"/>
  <testcase classname="testNG.MultipleData" name="addProduct" time="0.002"/>
  <testcase classname="testNG.MultipleData" name="addProduct" time="0.002"/>
</testsuite> <!-- testNG.MultipleData -->
