<?xml version="1.0" encoding="UTF-8"?>
<!-- Generated by org.testng.reporters.JUnitReportReporter -->
<testsuite hostname="TYSS-Akash-Deb" failures="0" tests="3" name="testNG.Group" time="0.017" errors="0" timestamp="12 Mar 2024 05:17:25 GMT" skipped="0">
  <testcase classname="testNG.Group" name="login" time="0.011"/>
  <testcase classname="testNG.Group" name="searchProduct" time="0.003"/>
  <testcase classname="testNG.Group" name="logout" time="0.003"/>
</testsuite> <!-- testNG.Group -->
