<?xml version="1.0" encoding="UTF-8"?>
<!-- Generated by org.testng.reporters.JUnitReportReporter -->
<testsuite hostname="TYSS-Akash-Deb" failures="0" tests="1" name="testNG.DemoClass" time="0.007" errors="0" timestamp="13 Mar 2024 06:06:17 GMT" skipped="0">
  <testcase classname="testNG.DemoClass" name="test1" time="0.007"/>
</testsuite> <!-- testNG.DemoClass -->
